生成启动时间为 2019/2/25 11:58:36。
     1>项目“D:\CodeLife\C++\yhTri\素数\yhTri\yhTri.vcxproj”在节点 2 上(Build 个目标)。
     1>InitializeBuildStatus:
         正在创建“Debug\yhTri.tlog\unsuccessfulbuild”，因为已指定“AlwaysCreate”。
       ClCompile:
         D:\vs2013\VC\bin\CL.exe /c /ZI /nologo /W3 /WX- /Od /Oy- /D WIN32 /D _DEBUG /D _CONSOLE /D _LIB /D _UNICODE /D UNICODE /Gm /EHsc /RTC1 /MDd /GS /fp:precise /Zc:wchar_t /Zc:forScope /Fo"Debug\\" /Fd"Debug\vc120.pdb" /Gd /TP /analyze- /errorReport:prompt sushu.cpp
         sushu.cpp
     1>d:\codelife\c++\yhtri\素数\yhtri\sushu.cpp(10): warning C4996: 'scanf': This function or variable may be unsafe. Consider using scanf_s instead. To disable deprecation, use _CRT_SECURE_NO_WARNINGS. See online help for details.
                 d:\vs2013\vc\include\stdio.h(283) : 参见“scanf”的声明
     1>d:\codelife\c++\yhtri\素数\yhtri\sushu.cpp(7): warning C4101: “temp”: 未引用的局部变量
     1>d:\codelife\c++\yhtri\素数\yhtri\sushu.cpp(40): warning C4700: 使用了未初始化的局部变量“k”
       Link:
         D:\vs2013\VC\bin\link.exe /ERRORREPORT:PROMPT /OUT:"D:\CodeLife\C++\yhTri\素数\Debug\yhTri.exe" /INCREMENTAL /NOLOGO kernel32.lib user32.lib gdi32.lib winspool.lib comdlg32.lib advapi32.lib shell32.lib ole32.lib oleaut32.lib uuid.lib odbc32.lib odbccp32.lib /MANIFEST /MANIFESTUAC:"level='asInvoker' uiAccess='false'" /manifest:embed /DEBUG /PDB:"D:\CodeLife\C++\yhTri\素数\Debug\yhTri.pdb" /SUBSYSTEM:CONSOLE /TLBID:1 /DYNAMICBASE /NXCOMPAT /IMPLIB:"D:\CodeLife\C++\yhTri\素数\Debug\yhTri.lib" /MACHINE:X86 Debug\sushu.obj
         yhTri.vcxproj -> D:\CodeLife\C++\yhTri\素数\Debug\yhTri.exe
       FinalizeBuildStatus:
         正在删除文件“Debug\yhTri.tlog\unsuccessfulbuild”。
         正在对“Debug\yhTri.tlog\yhTri.lastbuildstate”执行 Touch 任务。
     1>已完成生成项目“D:\CodeLife\C++\yhTri\素数\yhTri\yhTri.vcxproj”(Build 个目标)的操作。

生成成功。

已用时间 00:00:01.11
