生成启动时间为 2019/2/25 13:39:30。
     1>项目“D:\CodeLife\C++\MaxPrim\yhTri\yhTri.vcxproj”在节点 2 上(Rebuild 个目标)。
     1>_PrepareForClean:
         正在删除文件“Debug\yhTri.tlog\yhTri.lastbuildstate”。
       InitializeBuildStatus:
         正在创建“Debug\yhTri.tlog\unsuccessfulbuild”，因为已指定“AlwaysCreate”。
       ClCompile:
         D:\vs2013\VC\bin\CL.exe /c /ZI /nologo /W3 /WX- /Od /Oy- /D WIN32 /D _DEBUG /D _CONSOLE /D _LIB /D _UNICODE /D UNICODE /Gm /EHsc /RTC1 /MDd /GS /fp:precise /Zc:wchar_t /Zc:forScope /Fo"Debug\\" /Fd"Debug\vc120.pdb" /Gd /TP /analyze- /errorReport:prompt MaxPrim.cpp
         MaxPrim.cpp
     1>d:\codelife\c++\maxprim\yhtri\maxprim.cpp : warning C4819: 该文件包含不能在当前代码页(936)中表示的字符。请将该文件保存为 Unicode 格式以防止数据丢失
     1>d:\codelife\c++\maxprim\yhtri\maxprim.cpp(107): warning C4996: 'scanf': This function or variable may be unsafe. Consider using scanf_s instead. To disable deprecation, use _CRT_SECURE_NO_WARNINGS. See online help for details.
                 d:\vs2013\vc\include\stdio.h(283) : 参见“scanf”的声明
     1>d:\codelife\c++\maxprim\yhtri\maxprim.cpp(104): warning C4715: “primLessN_2”: 不是所有的控件路径都返回值
       Link:
         D:\vs2013\VC\bin\link.exe /ERRORREPORT:PROMPT /OUT:"D:\CodeLife\C++\MaxPrim\Debug\yhTri.exe" /INCREMENTAL /NOLOGO kernel32.lib user32.lib gdi32.lib winspool.lib comdlg32.lib advapi32.lib shell32.lib ole32.lib oleaut32.lib uuid.lib odbc32.lib odbccp32.lib /MANIFEST /MANIFESTUAC:"level='asInvoker' uiAccess='false'" /manifest:embed /DEBUG /PDB:"D:\CodeLife\C++\MaxPrim\Debug\yhTri.pdb" /SUBSYSTEM:CONSOLE /TLBID:1 /DYNAMICBASE /NXCOMPAT /IMPLIB:"D:\CodeLife\C++\MaxPrim\Debug\yhTri.lib" /MACHINE:X86 Debug\MaxPrim.obj
         yhTri.vcxproj -> D:\CodeLife\C++\MaxPrim\Debug\yhTri.exe
       FinalizeBuildStatus:
         正在删除文件“Debug\yhTri.tlog\unsuccessfulbuild”。
         正在对“Debug\yhTri.tlog\yhTri.lastbuildstate”执行 Touch 任务。
     1>已完成生成项目“D:\CodeLife\C++\MaxPrim\yhTri\yhTri.vcxproj”(Rebuild 个目标)的操作。

生成成功。

已用时间 00:00:01.16
